app/build/intermediates/manifest_merge_blame_file/debug/processDebugMainManifest/manifest-merger-blame-debug-report.txt
1<?xml version="1.0" encoding="utf-8"?>
2<manifest xmlns:android="http://schemas.android.com/apk/res/android"
3    package="com.goldenegg.oaklandsinterns"
4    android:versionCode="1"
5    android:versionName="1.0" >
6
7    <uses-sdk
8        android:minSdkVersion="26"
9        android:targetSdkVersion="35" />
10
11    <uses-permission android:name="android.permission.INTERNET" />
11-->src\main\AndroidManifest.xml:4:5-66
11-->src\main\AndroidManifest.xml:4:22-64
12    <uses-permission android:name="android.permission.ACCESS_COARSE_LOCATION" />
12-->src\main\AndroidManifest.xml:5:5-80
12-->src\main\AndroidManifest.xml:5:22-78
13    <uses-permission android:name="android.permission.ACCESS_FINE_LOCATION" />
13-->src\main\AndroidManifest.xml:6:5-78
13-->src\main\AndroidManifest.xml:6:22-76
14    <uses-permission android:name="android.permission.ACCESS_WIFI_STATE" />
14-->src\main\AndroidManifest.xml:7:5-76
14-->src\main\AndroidManifest.xml:7:22-73
15    <uses-permission android:name="android.permission.ACCESS_NETWORK_STATE" />
15-->src\main\AndroidManifest.xml:8:5-79
15-->src\main\AndroidManifest.xml:8:22-76
16
17    <uses-feature
17-->[com.google.android.gms:play-services-maps:19.1.0] AndroidManifest.xml:22:5-24:33
18        android:glEsVersion="0x00020000"
18-->[com.google.android.gms:play-services-maps:19.1.0] AndroidManifest.xml:23:8-40
19        android:required="true" />
19-->[com.google.android.gms:play-services-maps:19.1.0] AndroidManifest.xml:24:8-31
20
21    <queries>
21-->[com.google.android.gms:play-services-maps:19.1.0] AndroidManifest.xml:27:5-30:15
22
23        <!-- Needs to be explicitly declared on Android R+ -->
24        <package android:name="com.google.android.apps.maps" />
24-->[com.google.android.gms:play-services-maps:19.1.0] AndroidManifest.xml:29:7-61
24-->[com.google.android.gms:play-services-maps:19.1.0] AndroidManifest.xml:29:16-59
25    </queries>
26
27    <uses-permission android:name="android.permission.WAKE_LOCK" />
27-->[com.google.android.gms:play-services-measurement:22.4.0] AndroidManifest.xml:25:5-68
27-->[com.google.android.gms:play-services-measurement:22.4.0] AndroidManifest.xml:25:22-65
28    <uses-permission android:name="com.google.android.finsky.permission.BIND_GET_INSTALL_REFERRER_SERVICE" />
28-->[com.google.android.gms:play-services-measurement:22.4.0] AndroidManifest.xml:26:5-110
28-->[com.google.android.gms:play-services-measurement:22.4.0] AndroidManifest.xml:26:22-107
29    <uses-permission android:name="com.google.android.gms.permission.AD_ID" />
29-->[com.google.android.gms:play-services-measurement-impl:22.4.0] AndroidManifest.xml:27:5-79
29-->[com.google.android.gms:play-services-measurement-impl:22.4.0] AndroidManifest.xml:27:22-76
30    <uses-permission android:name="android.permission.ACCESS_ADSERVICES_ATTRIBUTION" />
30-->[com.google.android.gms:play-services-measurement-api:22.4.0] AndroidManifest.xml:26:5-88
30-->[com.google.android.gms:play-services-measurement-api:22.4.0] AndroidManifest.xml:26:22-85
31    <uses-permission android:name="android.permission.ACCESS_ADSERVICES_AD_ID" />
31-->[com.google.android.gms:play-services-measurement-api:22.4.0] AndroidManifest.xml:27:5-82
31-->[com.google.android.gms:play-services-measurement-api:22.4.0] AndroidManifest.xml:27:22-79
32    <uses-permission android:name="com.google.android.providers.gsf.permission.READ_GSERVICES" />
32-->[com.google.android.recaptcha:recaptcha:18.6.1] AndroidManifest.xml:9:5-98
32-->[com.google.android.recaptcha:recaptcha:18.6.1] AndroidManifest.xml:9:22-95
33
34    <permission
34-->[androidx.core:core:1.13.0] AndroidManifest.xml:22:5-24:47
35        android:name="com.goldenegg.oaklandsinterns.DYNAMIC_RECEIVER_NOT_EXPORTED_PERMISSION"
35-->[androidx.core:core:1.13.0] AndroidManifest.xml:23:9-81
36        android:protectionLevel="signature" />
36-->[androidx.core:core:1.13.0] AndroidManifest.xml:24:9-44
37
38    <uses-permission android:name="com.goldenegg.oaklandsinterns.DYNAMIC_RECEIVER_NOT_EXPORTED_PERMISSION" />
38-->[androidx.core:core:1.13.0] AndroidManifest.xml:26:5-97
38-->[androidx.core:core:1.13.0] AndroidManifest.xml:26:22-94
39
40    <supports-screens
40-->[org.osmdroid:osmdroid-android:6.1.16] AndroidManifest.xml:9:5-12:40
41        android:anyDensity="true"
41-->[org.osmdroid:osmdroid-android:6.1.16] AndroidManifest.xml:10:9-34
42        android:largeScreens="true"
42-->[org.osmdroid:osmdroid-android:6.1.16] AndroidManifest.xml:11:9-36
43        android:normalScreens="true" />
43-->[org.osmdroid:osmdroid-android:6.1.16] AndroidManifest.xml:12:9-37
44
45    <uses-feature
45-->[org.osmdroid:osmdroid-android:6.1.16] AndroidManifest.xml:14:5-16:36
46        android:name="android.hardware.location.network"
46-->[org.osmdroid:osmdroid-android:6.1.16] AndroidManifest.xml:15:9-57
47        android:required="false" />
47-->[org.osmdroid:osmdroid-android:6.1.16] AndroidManifest.xml:16:9-33
48    <uses-feature
48-->[org.osmdroid:osmdroid-android:6.1.16] AndroidManifest.xml:17:5-19:36
49        android:name="android.hardware.location.gps"
49-->[org.osmdroid:osmdroid-android:6.1.16] AndroidManifest.xml:18:9-53
50        android:required="false" />
50-->[org.osmdroid:osmdroid-android:6.1.16] AndroidManifest.xml:19:9-33
51    <uses-feature
51-->[org.osmdroid:osmdroid-android:6.1.16] AndroidManifest.xml:20:5-22:36
52        android:name="android.hardware.telephony"
52-->[org.osmdroid:osmdroid-android:6.1.16] AndroidManifest.xml:21:9-50
53        android:required="false" />
53-->[org.osmdroid:osmdroid-android:6.1.16] AndroidManifest.xml:22:9-33
54    <uses-feature
54-->[org.osmdroid:osmdroid-android:6.1.16] AndroidManifest.xml:23:5-25:36
55        android:name="android.hardware.wifi"
55-->[org.osmdroid:osmdroid-android:6.1.16] AndroidManifest.xml:24:9-45
56        android:required="false" /> <!-- Remove WRITE_EXTERNAL_STORAGE -->
56-->[org.osmdroid:osmdroid-android:6.1.16] AndroidManifest.xml:25:9-33
57    <!-- Instead, use Scoped Storage APIs in your code -->
58    <application
58-->src\main\AndroidManifest.xml:13:5-69:19
59        android:allowBackup="true"
59-->src\main\AndroidManifest.xml:14:9-35
60        android:appComponentFactory="androidx.core.app.CoreComponentFactory"
60-->[androidx.core:core:1.13.0] AndroidManifest.xml:28:18-86
61        android:dataExtractionRules="@xml/data_extraction_rules"
61-->src\main\AndroidManifest.xml:15:9-65
62        android:debuggable="true"
63        android:extractNativeLibs="false"
64        android:fullBackupContent="@xml/backup_rules"
64-->src\main\AndroidManifest.xml:16:9-54
65        android:icon="@mipmap/ic_launcher"
65-->src\main\AndroidManifest.xml:17:9-43
66        android:label="@string/app_name"
66-->src\main\AndroidManifest.xml:18:9-41
67        android:roundIcon="@mipmap/ic_launcher_round"
67-->src\main\AndroidManifest.xml:19:9-54
68        android:supportsRtl="true"
68-->src\main\AndroidManifest.xml:20:9-35
69        android:theme="@style/Theme.OaklandsInterns" > <!-- Change this to Android 13 -->
69-->src\main\AndroidManifest.xml:21:9-53
70
71        <activity
71-->src\main\AndroidManifest.xml:24:9-30:20
72            android:name="com.goldenegg.oaklandsinterns.MainActivity"
72-->src\main\AndroidManifest.xml:24:19-47
73            android:exported="true" >
73-->src\main\AndroidManifest.xml:25:13-36
74            <intent-filter>
74-->src\main\AndroidManifest.xml:26:13-29:29
75                <action android:name="android.intent.action.MAIN" />
75-->src\main\AndroidManifest.xml:27:17-69
75-->src\main\AndroidManifest.xml:27:25-66
76
77                <category android:name="android.intent.category.LAUNCHER" />
77-->src\main\AndroidManifest.xml:28:17-77
77-->src\main\AndroidManifest.xml:28:27-74
78            </intent-filter>
79        </activity>
80        <activity android:name="com.goldenegg.oaklandsinterns.FaqActivity" />
80-->src\main\AndroidManifest.xml:31:9-48
80-->src\main\AndroidManifest.xml:31:19-46
81        <activity android:name="com.goldenegg.oaklandsinterns.BasicsActivity" />
81-->src\main\AndroidManifest.xml:32:9-51
81-->src\main\AndroidManifest.xml:32:19-49
82        <activity android:name="com.goldenegg.oaklandsinterns.EmergencyActivity" />
82-->src\main\AndroidManifest.xml:33:9-54
82-->src\main\AndroidManifest.xml:33:19-52
83        <activity android:name="com.goldenegg.oaklandsinterns.GuideActivity" />
83-->src\main\AndroidManifest.xml:34:9-50
83-->src\main\AndroidManifest.xml:34:19-48
84        <activity android:name="com.goldenegg.oaklandsinterns.NurseriesActivity" />
84-->src\main\AndroidManifest.xml:35:9-54
84-->src\main\AndroidManifest.xml:35:19-52
85        <activity android:name="com.goldenegg.oaklandsinterns.PlantKnowledgeActivity" />
85-->src\main\AndroidManifest.xml:36:9-59
85-->src\main\AndroidManifest.xml:36:19-57
86        <activity android:name="com.goldenegg.oaklandsinterns.UsaOhioActivity" />
86-->src\main\AndroidManifest.xml:37:9-52
86-->src\main\AndroidManifest.xml:37:19-50
87        <activity android:name="com.goldenegg.oaklandsinterns.NurseryDetailsActivity" />
87-->src\main\AndroidManifest.xml:38:9-60
87-->src\main\AndroidManifest.xml:38:19-57
88        <activity android:name="com.goldenegg.oaklandsinterns.local_dublin" />
88-->src\main\AndroidManifest.xml:39:9-49
88-->src\main\AndroidManifest.xml:39:19-47
89        <activity android:name="com.goldenegg.oaklandsinterns.local_columbus" />
89-->src\main\AndroidManifest.xml:40:9-51
89-->src\main\AndroidManifest.xml:40:19-49
90        <activity android:name="com.goldenegg.oaklandsinterns.local_albany" />
90-->src\main\AndroidManifest.xml:41:9-49
90-->src\main\AndroidManifest.xml:41:19-47
91        <activity android:name="com.goldenegg.oaklandsinterns.local_delaware" />
91-->src\main\AndroidManifest.xml:42:9-51
91-->src\main\AndroidManifest.xml:42:19-49
92        <activity android:name="com.goldenegg.oaklandsinterns.local.albActivities" />
92-->src\main\AndroidManifest.xml:43:9-56
92-->src\main\AndroidManifest.xml:43:19-54
93        <activity android:name="com.goldenegg.oaklandsinterns.local.dubTransport" />
93-->src\main\AndroidManifest.xml:44:9-55
93-->src\main\AndroidManifest.xml:44:19-53
94        <activity android:name="com.goldenegg.oaklandsinterns.local.dubShop" />
94-->src\main\AndroidManifest.xml:45:9-50
94-->src\main\AndroidManifest.xml:45:19-48
95        <activity android:name="com.goldenegg.oaklandsinterns.local.dubImportant" />
95-->src\main\AndroidManifest.xml:46:9-55
95-->src\main\AndroidManifest.xml:46:19-53
96        <activity android:name="com.goldenegg.oaklandsinterns.local.delShop" />
96-->src\main\AndroidManifest.xml:47:9-50
96-->src\main\AndroidManifest.xml:47:19-48
97        <activity android:name="com.goldenegg.oaklandsinterns.local.delImportant" />
97-->src\main\AndroidManifest.xml:48:9-55
97-->src\main\AndroidManifest.xml:48:19-53
98        <activity android:name="com.goldenegg.oaklandsinterns.local.colTransport" />
98-->src\main\AndroidManifest.xml:49:9-55
98-->src\main\AndroidManifest.xml:49:19-53
99        <activity android:name="com.goldenegg.oaklandsinterns.local.colShop" />
99-->src\main\AndroidManifest.xml:50:9-50
99-->src\main\AndroidManifest.xml:50:19-48
100        <activity android:name="com.goldenegg.oaklandsinterns.local.colImportant" />
100-->src\main\AndroidManifest.xml:51:9-55
100-->src\main\AndroidManifest.xml:51:19-53
101        <activity android:name="com.goldenegg.oaklandsinterns.local.colActivities" />
101-->src\main\AndroidManifest.xml:52:9-56
101-->src\main\AndroidManifest.xml:52:19-54
102        <activity android:name="com.goldenegg.oaklandsinterns.local.albTransport" />
102-->src\main\AndroidManifest.xml:53:9-55
102-->src\main\AndroidManifest.xml:53:19-53
103        <activity android:name="com.goldenegg.oaklandsinterns.local.albShop" />
103-->src\main\AndroidManifest.xml:54:9-50
103-->src\main\AndroidManifest.xml:54:19-48
104        <activity android:name="com.goldenegg.oaklandsinterns.local.albImportant" />
104-->src\main\AndroidManifest.xml:55:9-55
104-->src\main\AndroidManifest.xml:55:19-53
105        <activity android:name="com.goldenegg.oaklandsinterns.basics.BasicLawsActivity" />
105-->src\main\AndroidManifest.xml:56:9-61
105-->src\main\AndroidManifest.xml:56:19-59
106        <activity android:name="com.goldenegg.oaklandsinterns.basics.BasicLawsOhio" />
106-->src\main\AndroidManifest.xml:57:9-57
106-->src\main\AndroidManifest.xml:57:19-55
107        <activity android:name="com.goldenegg.oaklandsinterns.basics.ConversionsActivity" />
107-->src\main\AndroidManifest.xml:58:9-63
107-->src\main\AndroidManifest.xml:58:19-61
108        <activity android:name="com.goldenegg.oaklandsinterns.basics.CustomsTopsActivity" />
108-->src\main\AndroidManifest.xml:59:9-63
108-->src\main\AndroidManifest.xml:59:19-61
109        <activity android:name="com.goldenegg.oaklandsinterns.basics.EatingTipsActivity" />
109-->src\main\AndroidManifest.xml:60:9-62
109-->src\main\AndroidManifest.xml:60:19-60
110        <activity android:name="com.goldenegg.oaklandsinterns.basics.HouseTipsActivity" />
110-->src\main\AndroidManifest.xml:61:9-61
110-->src\main\AndroidManifest.xml:61:19-59
111        <activity android:name="com.goldenegg.oaklandsinterns.basics.LawsRulesActivity" />
111-->src\main\AndroidManifest.xml:62:9-61
111-->src\main\AndroidManifest.xml:62:19-59
112        <activity android:name="com.goldenegg.oaklandsinterns.basics.PhoneActivity" />
112-->src\main\AndroidManifest.xml:63:9-57
112-->src\main\AndroidManifest.xml:63:19-55
113        <activity android:name="com.goldenegg.oaklandsinterns.basics.TippingActivity" />
113-->src\main\AndroidManifest.xml:64:9-59
113-->src\main\AndroidManifest.xml:64:19-57
114        <activity android:name="com.goldenegg.oaklandsinterns.basics.ShoppingTipsActivity" />
114-->src\main\AndroidManifest.xml:65:9-64
114-->src\main\AndroidManifest.xml:65:19-62
115        <activity android:name="com.goldenegg.oaklandsinterns.basics.TransportTipsActivity" />
115-->src\main\AndroidManifest.xml:66:9-65
115-->src\main\AndroidManifest.xml:66:19-63
116        <activity android:name="com.goldenegg.oaklandsinterns.basics.WeatherActivity" />
116-->src\main\AndroidManifest.xml:67:9-59
116-->src\main\AndroidManifest.xml:67:19-57
117        <activity
117-->[com.google.android.libraries.places:places:4.2.0] AndroidManifest.xml:17:9-23:20
118            android:name="com.google.android.libraries.places.widget.AutocompleteActivity"
118-->[com.google.android.libraries.places:places:4.2.0] AndroidManifest.xml:18:13-91
119            android:exported="false"
119-->[com.google.android.libraries.places:places:4.2.0] AndroidManifest.xml:19:13-37
120            android:label="@string/places_autocomplete_label"
120-->[com.google.android.libraries.places:places:4.2.0] AndroidManifest.xml:20:13-62
121            android:theme="@style/PlacesAutocompleteOverlay"
121-->[com.google.android.libraries.places:places:4.2.0] AndroidManifest.xml:21:13-61
122            android:windowSoftInputMode="adjustResize" >
122-->[com.google.android.libraries.places:places:4.2.0] AndroidManifest.xml:22:13-55
123        </activity> <!-- Needs to be explicitly declared on P+ -->
124        <uses-library
124-->[com.google.android.gms:play-services-maps:19.1.0] AndroidManifest.xml:33:7-86
125            android:name="org.apache.http.legacy"
125-->[com.google.android.gms:play-services-maps:19.1.0] AndroidManifest.xml:33:21-58
126            android:required="false" />
126-->[com.google.android.gms:play-services-maps:19.1.0] AndroidManifest.xml:33:59-83
127
128        <activity
128-->[com.google.firebase:firebase-auth:23.2.0] AndroidManifest.xml:29:9-46:20
129            android:name="com.google.firebase.auth.internal.GenericIdpActivity"
129-->[com.google.firebase:firebase-auth:23.2.0] AndroidManifest.xml:30:13-80
130            android:excludeFromRecents="true"
130-->[com.google.firebase:firebase-auth:23.2.0] AndroidManifest.xml:31:13-46
131            android:exported="true"
131-->[com.google.firebase:firebase-auth:23.2.0] AndroidManifest.xml:32:13-36
132            android:launchMode="singleTask"
132-->[com.google.firebase:firebase-auth:23.2.0] AndroidManifest.xml:33:13-44
133            android:theme="@android:style/Theme.Translucent.NoTitleBar" >
133-->[com.google.firebase:firebase-auth:23.2.0] AndroidManifest.xml:34:13-72
134            <intent-filter>
134-->[com.google.firebase:firebase-auth:23.2.0] AndroidManifest.xml:35:13-45:29
135                <action android:name="android.intent.action.VIEW" />
135-->[com.google.firebase:firebase-auth:23.2.0] AndroidManifest.xml:36:17-69
135-->[com.google.firebase:firebase-auth:23.2.0] AndroidManifest.xml:36:25-66
136
137                <category android:name="android.intent.category.DEFAULT" />
137-->[com.google.firebase:firebase-auth:23.2.0] AndroidManifest.xml:38:17-76
137-->[com.google.firebase:firebase-auth:23.2.0] AndroidManifest.xml:38:27-73
138                <category android:name="android.intent.category.BROWSABLE" />
138-->[com.google.firebase:firebase-auth:23.2.0] AndroidManifest.xml:39:17-78
138-->[com.google.firebase:firebase-auth:23.2.0] AndroidManifest.xml:39:27-75
139
140                <data
140-->[com.google.firebase:firebase-auth:23.2.0] AndroidManifest.xml:41:17-44:51
141                    android:host="firebase.auth"
141-->[com.google.firebase:firebase-auth:23.2.0] AndroidManifest.xml:42:21-49
142                    android:path="/"
142-->[com.google.firebase:firebase-auth:23.2.0] AndroidManifest.xml:43:21-37
143                    android:scheme="genericidp" />
143-->[com.google.firebase:firebase-auth:23.2.0] AndroidManifest.xml:44:21-48
144            </intent-filter>
145        </activity>
146        <activity
146-->[com.google.firebase:firebase-auth:23.2.0] AndroidManifest.xml:47:9-64:20
147            android:name="com.google.firebase.auth.internal.RecaptchaActivity"
147-->[com.google.firebase:firebase-auth:23.2.0] AndroidManifest.xml:48:13-79
148            android:excludeFromRecents="true"
148-->[com.google.firebase:firebase-auth:23.2.0] AndroidManifest.xml:49:13-46
149            android:exported="true"
149-->[com.google.firebase:firebase-auth:23.2.0] AndroidManifest.xml:50:13-36
150            android:launchMode="singleTask"
150-->[com.google.firebase:firebase-auth:23.2.0] AndroidManifest.xml:51:13-44
151            android:theme="@android:style/Theme.Translucent.NoTitleBar" >
151-->[com.google.firebase:firebase-auth:23.2.0] AndroidManifest.xml:52:13-72
152            <intent-filter>
152-->[com.google.firebase:firebase-auth:23.2.0] AndroidManifest.xml:53:13-63:29
153                <action android:name="android.intent.action.VIEW" />
153-->[com.google.firebase:firebase-auth:23.2.0] AndroidManifest.xml:36:17-69
153-->[com.google.firebase:firebase-auth:23.2.0] AndroidManifest.xml:36:25-66
154
155                <category android:name="android.intent.category.DEFAULT" />
155-->[com.google.firebase:firebase-auth:23.2.0] AndroidManifest.xml:38:17-76
155-->[com.google.firebase:firebase-auth:23.2.0] AndroidManifest.xml:38:27-73
156                <category android:name="android.intent.category.BROWSABLE" />
156-->[com.google.firebase:firebase-auth:23.2.0] AndroidManifest.xml:39:17-78
156-->[com.google.firebase:firebase-auth:23.2.0] AndroidManifest.xml:39:27-75
157
158                <data
158-->[com.google.firebase:firebase-auth:23.2.0] AndroidManifest.xml:41:17-44:51
159                    android:host="firebase.auth"
159-->[com.google.firebase:firebase-auth:23.2.0] AndroidManifest.xml:42:21-49
160                    android:path="/"
160-->[com.google.firebase:firebase-auth:23.2.0] AndroidManifest.xml:43:21-37
161                    android:scheme="recaptcha" />
161-->[com.google.firebase:firebase-auth:23.2.0] AndroidManifest.xml:44:21-48
162            </intent-filter>
163        </activity>
164
165        <service
165-->[com.google.firebase:firebase-auth:23.2.0] AndroidManifest.xml:66:9-72:19
166            android:name="com.google.firebase.components.ComponentDiscoveryService"
166-->[com.google.firebase:firebase-auth:23.2.0] AndroidManifest.xml:67:13-84
167            android:directBootAware="true"
167-->[com.google.firebase:firebase-common:21.0.0] AndroidManifest.xml:32:13-43
168            android:exported="false" >
168-->[com.google.firebase:firebase-auth:23.2.0] AndroidManifest.xml:68:13-37
169            <meta-data
169-->[com.google.firebase:firebase-auth:23.2.0] AndroidManifest.xml:69:13-71:85
170                android:name="com.google.firebase.components:com.google.firebase.auth.FirebaseAuthRegistrar"
170-->[com.google.firebase:firebase-auth:23.2.0] AndroidManifest.xml:70:17-109
171                android:value="com.google.firebase.components.ComponentRegistrar" />
171-->[com.google.firebase:firebase-auth:23.2.0] AndroidManifest.xml:71:17-82
172            <meta-data
172-->[com.google.firebase:firebase-firestore:25.1.4] AndroidManifest.xml:17:13-19:85
173                android:name="com.google.firebase.components:com.google.firebase.firestore.FirebaseFirestoreKtxRegistrar"
173-->[com.google.firebase:firebase-firestore:25.1.4] AndroidManifest.xml:18:17-122
174                android:value="com.google.firebase.components.ComponentRegistrar" />
174-->[com.google.firebase:firebase-firestore:25.1.4] AndroidManifest.xml:19:17-82
175            <meta-data
175-->[com.google.firebase:firebase-firestore:25.1.4] AndroidManifest.xml:20:13-22:85
176                android:name="com.google.firebase.components:com.google.firebase.firestore.FirestoreRegistrar"
176-->[com.google.firebase:firebase-firestore:25.1.4] AndroidManifest.xml:21:17-111
177                android:value="com.google.firebase.components.ComponentRegistrar" />
177-->[com.google.firebase:firebase-firestore:25.1.4] AndroidManifest.xml:22:17-82
178            <meta-data
178-->[com.google.android.gms:play-services-measurement-api:22.4.0] AndroidManifest.xml:33:13-35:85
179                android:name="com.google.firebase.components:com.google.firebase.analytics.connector.internal.AnalyticsConnectorRegistrar"
179-->[com.google.android.gms:play-services-measurement-api:22.4.0] AndroidManifest.xml:34:17-139
180                android:value="com.google.firebase.components.ComponentRegistrar" />
180-->[com.google.android.gms:play-services-measurement-api:22.4.0] AndroidManifest.xml:35:17-82
181            <meta-data
181-->[com.google.firebase:firebase-common-ktx:21.0.0] AndroidManifest.xml:12:13-14:85
182                android:name="com.google.firebase.components:com.google.firebase.ktx.FirebaseCommonLegacyRegistrar"
182-->[com.google.firebase:firebase-common-ktx:21.0.0] AndroidManifest.xml:13:17-116
183                android:value="com.google.firebase.components.ComponentRegistrar" />
183-->[com.google.firebase:firebase-common-ktx:21.0.0] AndroidManifest.xml:14:17-82
184            <meta-data
184-->[com.google.firebase:firebase-installations:17.0.1] AndroidManifest.xml:18:13-20:85
185                android:name="com.google.firebase.components:com.google.firebase.installations.FirebaseInstallationsRegistrar"
185-->[com.google.firebase:firebase-installations:17.0.1] AndroidManifest.xml:19:17-127
186                android:value="com.google.firebase.components.ComponentRegistrar" />
186-->[com.google.firebase:firebase-installations:17.0.1] AndroidManifest.xml:20:17-82
187            <meta-data
187-->[com.google.firebase:firebase-common:21.0.0] AndroidManifest.xml:35:13-37:85
188                android:name="com.google.firebase.components:com.google.firebase.FirebaseCommonKtxRegistrar"
188-->[com.google.firebase:firebase-common:21.0.0] AndroidManifest.xml:36:17-109
189                android:value="com.google.firebase.components.ComponentRegistrar" />
189-->[com.google.firebase:firebase-common:21.0.0] AndroidManifest.xml:37:17-82
190        </service>
191        <service
191-->[androidx.credentials:credentials-play-services-auth:1.2.0-rc01] AndroidManifest.xml:24:9-32:19
192            android:name="androidx.credentials.playservices.CredentialProviderMetadataHolder"
192-->[androidx.credentials:credentials-play-services-auth:1.2.0-rc01] AndroidManifest.xml:25:13-94
193            android:enabled="true"
193-->[androidx.credentials:credentials-play-services-auth:1.2.0-rc01] AndroidManifest.xml:26:13-35
194            android:exported="false" >
194-->[androidx.credentials:credentials-play-services-auth:1.2.0-rc01] AndroidManifest.xml:27:13-37
195            <meta-data
195-->[androidx.credentials:credentials-play-services-auth:1.2.0-rc01] AndroidManifest.xml:29:13-31:104
196                android:name="androidx.credentials.CREDENTIAL_PROVIDER_KEY"
196-->[androidx.credentials:credentials-play-services-auth:1.2.0-rc01] AndroidManifest.xml:30:17-76
197                android:value="androidx.credentials.playservices.CredentialProviderPlayServicesImpl" />
197-->[androidx.credentials:credentials-play-services-auth:1.2.0-rc01] AndroidManifest.xml:31:17-101
198        </service>
199
200        <activity
200-->[androidx.credentials:credentials-play-services-auth:1.2.0-rc01] AndroidManifest.xml:34:9-41:20
201            android:name="androidx.credentials.playservices.HiddenActivity"
201-->[androidx.credentials:credentials-play-services-auth:1.2.0-rc01] AndroidManifest.xml:35:13-76
202            android:configChanges="orientation|screenSize|screenLayout|keyboardHidden"
202-->[androidx.credentials:credentials-play-services-auth:1.2.0-rc01] AndroidManifest.xml:36:13-87
203            android:enabled="true"
203-->[androidx.credentials:credentials-play-services-auth:1.2.0-rc01] AndroidManifest.xml:37:13-35
204            android:exported="false"
204-->[androidx.credentials:credentials-play-services-auth:1.2.0-rc01] AndroidManifest.xml:38:13-37
205            android:fitsSystemWindows="true"
205-->[androidx.credentials:credentials-play-services-auth:1.2.0-rc01] AndroidManifest.xml:39:13-45
206            android:theme="@style/Theme.Hidden" >
206-->[androidx.credentials:credentials-play-services-auth:1.2.0-rc01] AndroidManifest.xml:40:13-48
207        </activity>
208        <activity
208-->[com.google.android.gms:play-services-auth:20.7.0] AndroidManifest.xml:23:9-27:75
209            android:name="com.google.android.gms.auth.api.signin.internal.SignInHubActivity"
209-->[com.google.android.gms:play-services-auth:20.7.0] AndroidManifest.xml:24:13-93
210            android:excludeFromRecents="true"
210-->[com.google.android.gms:play-services-auth:20.7.0] AndroidManifest.xml:25:13-46
211            android:exported="false"
211-->[com.google.android.gms:play-services-auth:20.7.0] AndroidManifest.xml:26:13-37
212            android:theme="@android:style/Theme.Translucent.NoTitleBar" />
212-->[com.google.android.gms:play-services-auth:20.7.0] AndroidManifest.xml:27:13-72
213        <!--
214            Service handling Google Sign-In user revocation. For apps that do not integrate with
215            Google Sign-In, this service will never be started.
216        -->
217        <service
217-->[com.google.android.gms:play-services-auth:20.7.0] AndroidManifest.xml:33:9-37:51
218            android:name="com.google.android.gms.auth.api.signin.RevocationBoundService"
218-->[com.google.android.gms:play-services-auth:20.7.0] AndroidManifest.xml:34:13-89
219            android:exported="true"
219-->[com.google.android.gms:play-services-auth:20.7.0] AndroidManifest.xml:35:13-36
220            android:permission="com.google.android.gms.auth.api.signin.permission.REVOCATION_NOTIFICATION"
220-->[com.google.android.gms:play-services-auth:20.7.0] AndroidManifest.xml:36:13-107
221            android:visibleToInstantApps="true" />
221-->[com.google.android.gms:play-services-auth:20.7.0] AndroidManifest.xml:37:13-48
222
223        <receiver
223-->[com.google.android.gms:play-services-measurement:22.4.0] AndroidManifest.xml:29:9-33:20
224            android:name="com.google.android.gms.measurement.AppMeasurementReceiver"
224-->[com.google.android.gms:play-services-measurement:22.4.0] AndroidManifest.xml:30:13-85
225            android:enabled="true"
225-->[com.google.android.gms:play-services-measurement:22.4.0] AndroidManifest.xml:31:13-35
226            android:exported="false" >
226-->[com.google.android.gms:play-services-measurement:22.4.0] AndroidManifest.xml:32:13-37
227        </receiver>
228
229        <service
229-->[com.google.android.gms:play-services-measurement:22.4.0] AndroidManifest.xml:35:9-38:40
230            android:name="com.google.android.gms.measurement.AppMeasurementService"
230-->[com.google.android.gms:play-services-measurement:22.4.0] AndroidManifest.xml:36:13-84
231            android:enabled="true"
231-->[com.google.android.gms:play-services-measurement:22.4.0] AndroidManifest.xml:37:13-35
232            android:exported="false" />
232-->[com.google.android.gms:play-services-measurement:22.4.0] AndroidManifest.xml:38:13-37
233        <service
233-->[com.google.android.gms:play-services-measurement:22.4.0] AndroidManifest.xml:39:9-43:72
234            android:name="com.google.android.gms.measurement.AppMeasurementJobService"
234-->[com.google.android.gms:play-services-measurement:22.4.0] AndroidManifest.xml:40:13-87
235            android:enabled="true"
235-->[com.google.android.gms:play-services-measurement:22.4.0] AndroidManifest.xml:41:13-35
236            android:exported="false"
236-->[com.google.android.gms:play-services-measurement:22.4.0] AndroidManifest.xml:42:13-37
237            android:permission="android.permission.BIND_JOB_SERVICE" />
237-->[com.google.android.gms:play-services-measurement:22.4.0] AndroidManifest.xml:43:13-69
238
239        <activity
239-->[com.google.android.gms:play-services-base:18.5.0] AndroidManifest.xml:5:9-173
240            android:name="com.google.android.gms.common.api.GoogleApiActivity"
240-->[com.google.android.gms:play-services-base:18.5.0] AndroidManifest.xml:5:19-85
241            android:exported="false"
241-->[com.google.android.gms:play-services-base:18.5.0] AndroidManifest.xml:5:146-170